<?xml version="1.0" encoding="UTF-8"?>
<!-- Generated by org.testng.reporters.JUnitXMLReporter -->
<testsuite hostname="DESKTOP-ABFM4D1" failures="0" tests="3" name="Test" time="0.123" errors="0" timestamp="18 Jul 2022 11:12:43 GMT">
  <testcase classname="com.Example.Test.ExampleScript2Test" name="ExampleTest2" time="0.028"/>
  <testcase classname="com.Example.Test.ExampleScript1Test" name="ExampleTest" time="0.005"/>
  <testcase classname="com.Example.Test.ExampleScriptTest" name="ExampleTest" time="0.006"/>
</testsuite> <!-- Test -->
